<?xml version="1.0" encoding="UTF-8"?>
<!-- Generated by org.testng.reporters.JUnitReportReporter -->
<testsuite skipped="0" hostname="Srijan-ka-MBP-2" name="com.covid19.qa.HomePageTestcases.APIsPageTestCases" tests="13" failures="0" timestamp="05 Jun 2020 09:40:19 GMT" time="20.475" errors="0">
  <testcase name="APIsPageNavigation" time="1.380" classname="com.covid19.qa.HomePageTestcases.APIsPageTestCases"/>
  <testcase name="VerifyAPIsLinkUrl" time="0.803" classname="com.covid19.qa.HomePageTestcases.APIsPageTestCases"/>
  <testcase name="VerifyAPIListingHeading" time="0.038" classname="com.covid19.qa.HomePageTestcases.APIsPageTestCases"/>
  <testcase name="VerifyCOvid19APIHeading" time="0.037" classname="com.covid19.qa.HomePageTestcases.APIsPageTestCases"/>
  <testcase name="ClickCOvid19APIViewDocumentastion" time="5.839" classname="com.covid19.qa.HomePageTestcases.APIsPageTestCases"/>
  <testcase name="Covid19OauthAPIHeading" time="0.043" classname="com.covid19.qa.HomePageTestcases.APIsPageTestCases"/>
  <testcase name="Covid19OauthAPIclickViewDocumentation" time="2.457" classname="com.covid19.qa.HomePageTestcases.APIsPageTestCases"/>
  <testcase name="VerifyCOVID19PatientDatabaseAPIHeading" time="0.028" classname="com.covid19.qa.HomePageTestcases.APIsPageTestCases"/>
  <testcase name="clickviewdocumentationunderCOVID19PatientDatabaseAPI" time="2.050" classname="com.covid19.qa.HomePageTestcases.APIsPageTestCases"/>
  <testcase name="VerifyREQUESTACCESSTOAPIsHeading" time="0.028" classname="com.covid19.qa.HomePageTestcases.APIsPageTestCases"/>
  <testcase name="clickREQUESTACCESS" time="6.544" classname="com.covid19.qa.HomePageTestcases.APIsPageTestCases"/>
  <testcase name="verifyHowToGetStartedHeading" time="0.028" classname="com.covid19.qa.HomePageTestcases.APIsPageTestCases"/>
  <testcase name="clickHowToGetStartedbutton" time="1.200" classname="com.covid19.qa.HomePageTestcases.APIsPageTestCases"/>
</testsuite> <!-- com.covid19.qa.HomePageTestcases.APIsPageTestCases -->
