<?xml version="1.0" encoding="UTF-8"?>
<!-- Generated by org.testng.reporters.JUnitReportReporter -->
<testsuite skipped="0" hostname="Srijan-ka-MBP-2" name="com.covid19.qa.HomePageTestcases.APIsPageTestCases" tests="13" failures="0" timestamp="20 May 2020 08:08:54 GMT" time="23.690" errors="0">
  <testcase name="APIsPageNavigation" time="2.437" classname="com.covid19.qa.HomePageTestcases.APIsPageTestCases"/>
  <testcase name="VerifyAPIsLinkUrl" time="1.343" classname="com.covid19.qa.HomePageTestcases.APIsPageTestCases"/>
  <testcase name="VerifyAPIListingHeading" time="0.037" classname="com.covid19.qa.HomePageTestcases.APIsPageTestCases"/>
  <testcase name="VerifyCOvid19APIHeading" time="0.039" classname="com.covid19.qa.HomePageTestcases.APIsPageTestCases"/>
  <testcase name="ClickCOvid19APIViewDocumentastion" time="6.333" classname="com.covid19.qa.HomePageTestcases.APIsPageTestCases"/>
  <testcase name="Covid19OauthAPIHeading" time="0.043" classname="com.covid19.qa.HomePageTestcases.APIsPageTestCases"/>
  <testcase name="Covid19OauthAPIclickViewDocumentation" time="2.452" classname="com.covid19.qa.HomePageTestcases.APIsPageTestCases"/>
  <testcase name="VerifyCOVID19PatientDatabaseAPIHeading" time="0.027" classname="com.covid19.qa.HomePageTestcases.APIsPageTestCases"/>
  <testcase name="clickviewdocumentationunderCOVID19PatientDatabaseAPI" time="2.924" classname="com.covid19.qa.HomePageTestcases.APIsPageTestCases"/>
  <testcase name="VerifyREQUESTACCESSTOAPIsHeading" time="0.026" classname="com.covid19.qa.HomePageTestcases.APIsPageTestCases"/>
  <testcase name="clickREQUESTACCESS" time="6.570" classname="com.covid19.qa.HomePageTestcases.APIsPageTestCases"/>
  <testcase name="verifyHowToGetStartedHeading" time="0.031" classname="com.covid19.qa.HomePageTestcases.APIsPageTestCases"/>
  <testcase name="clickHowToGetStartedbutton" time="1.428" classname="com.covid19.qa.HomePageTestcases.APIsPageTestCases"/>
</testsuite> <!-- com.covid19.qa.HomePageTestcases.APIsPageTestCases -->
