<?xml version="1.0" encoding="UTF-8"?>
<!-- Generated by org.testng.reporters.JUnitReportReporter -->
<testsuite skipped="0" hostname="Srijan-ka-MacBook-Pro-2.local" name="com.covid19.qa.HomePageTestcases.PrimarySearchFunctionTestcase" tests="19" failures="0" timestamp="08 May 2020 15:02:53 GMT" time="18.566" errors="0">
  <testcase name="VerifyPrimarySearchLabel" time="0.542" classname="com.covid19.qa.HomePageTestcases.PrimarySearchFunctionTestcase"/>
  <testcase name="VerifyPlaceholdertextCurrentStatus" time="0.538" classname="com.covid19.qa.HomePageTestcases.PrimarySearchFunctionTestcase"/>
  <testcase name="VerifyAllvaluesCurrentStatus" time="0.550" classname="com.covid19.qa.HomePageTestcases.PrimarySearchFunctionTestcase"/>
  <testcase name="VerifylabelTransmission_Type" time="0.536" classname="com.covid19.qa.HomePageTestcases.PrimarySearchFunctionTestcase"/>
  <testcase name="VerifyPlaceholdertextTransmission_Type" time="0.538" classname="com.covid19.qa.HomePageTestcases.PrimarySearchFunctionTestcase"/>
  <testcase name="VerifydropdownvaluesTransmission_Type" time="0.542" classname="com.covid19.qa.HomePageTestcases.PrimarySearchFunctionTestcase"/>
  <testcase name="VerifyStateLabel" time="0.538" classname="com.covid19.qa.HomePageTestcases.PrimarySearchFunctionTestcase"/>
  <testcase name="VerifyStatePlaceholderText" time="0.538" classname="com.covid19.qa.HomePageTestcases.PrimarySearchFunctionTestcase"/>
  <testcase name="VerifyStateDropdownvalues" time="0.549" classname="com.covid19.qa.HomePageTestcases.PrimarySearchFunctionTestcase"/>
  <testcase name="VerifyclustersLabelName" time="0.534" classname="com.covid19.qa.HomePageTestcases.PrimarySearchFunctionTestcase"/>
  <testcase name="VerifyclustersPlaceholderText" time="0.538" classname="com.covid19.qa.HomePageTestcases.PrimarySearchFunctionTestcase"/>
  <testcase name="VerifyclustersDropdownvalues" time="0.541" classname="com.covid19.qa.HomePageTestcases.PrimarySearchFunctionTestcase"/>
  <testcase name="VerifyNationalityLabel" time="0.540" classname="com.covid19.qa.HomePageTestcases.PrimarySearchFunctionTestcase"/>
  <testcase name="VerifyPlaceholderTextNationalityLabel" time="0.541" classname="com.covid19.qa.HomePageTestcases.PrimarySearchFunctionTestcase"/>
  <testcase name="VerifyDRopdownvaluesNationalityLabel" time="0.591" classname="com.covid19.qa.HomePageTestcases.PrimarySearchFunctionTestcase"/>
  <testcase name="VerifyGenderLabel" time="0.544" classname="com.covid19.qa.HomePageTestcases.PrimarySearchFunctionTestcase"/>
  <testcase name="VerifyPlaceholdertextGenderLabel" time="0.541" classname="com.covid19.qa.HomePageTestcases.PrimarySearchFunctionTestcase"/>
  <testcase name="VerifyDropdownValuesGenderLabel" time="0.535" classname="com.covid19.qa.HomePageTestcases.PrimarySearchFunctionTestcase"/>
  <testcase name="PrimarySearch_function" time="8.790" classname="com.covid19.qa.HomePageTestcases.PrimarySearchFunctionTestcase"/>
</testsuite> <!-- com.covid19.qa.HomePageTestcases.PrimarySearchFunctionTestcase -->
