<?xml version="1.0" encoding="UTF-8"?>
<!-- Generated by org.testng.reporters.JUnitReportReporter -->
<testsuite skipped="0" hostname="Srijan-ka-MBP-2" name="com.covid19.qa.HomePageTestcases.PrimarySearchFunctionTestcase" tests="19" failures="0" timestamp="05 Jun 2020 09:40:19 GMT" time="9.263" errors="0">
  <testcase name="VerifyPrimarySearchLabel" time="0.043" classname="com.covid19.qa.HomePageTestcases.PrimarySearchFunctionTestcase"/>
  <testcase name="VerifyPlaceholdertextCurrentStatus" time="0.022" classname="com.covid19.qa.HomePageTestcases.PrimarySearchFunctionTestcase"/>
  <testcase name="VerifyAllvaluesCurrentStatus" time="0.050" classname="com.covid19.qa.HomePageTestcases.PrimarySearchFunctionTestcase"/>
  <testcase name="VerifylabelTransmission_Type" time="0.022" classname="com.covid19.qa.HomePageTestcases.PrimarySearchFunctionTestcase"/>
  <testcase name="VerifyPlaceholdertextTransmission_Type" time="0.021" classname="com.covid19.qa.HomePageTestcases.PrimarySearchFunctionTestcase"/>
  <testcase name="VerifydropdownvaluesTransmission_Type" time="0.025" classname="com.covid19.qa.HomePageTestcases.PrimarySearchFunctionTestcase"/>
  <testcase name="VerifyStateLabel" time="0.024" classname="com.covid19.qa.HomePageTestcases.PrimarySearchFunctionTestcase"/>
  <testcase name="VerifyStatePlaceholderText" time="0.021" classname="com.covid19.qa.HomePageTestcases.PrimarySearchFunctionTestcase"/>
  <testcase name="VerifyStateDropdownvalues" time="0.033" classname="com.covid19.qa.HomePageTestcases.PrimarySearchFunctionTestcase"/>
  <testcase name="VerifyclustersLabelName" time="0.022" classname="com.covid19.qa.HomePageTestcases.PrimarySearchFunctionTestcase"/>
  <testcase name="VerifyclustersPlaceholderText" time="0.024" classname="com.covid19.qa.HomePageTestcases.PrimarySearchFunctionTestcase"/>
  <testcase name="VerifyclustersDropdownvalues" time="0.023" classname="com.covid19.qa.HomePageTestcases.PrimarySearchFunctionTestcase"/>
  <testcase name="VerifyNationalityLabel" time="0.023" classname="com.covid19.qa.HomePageTestcases.PrimarySearchFunctionTestcase"/>
  <testcase name="VerifyPlaceholderTextNationalityLabel" time="0.024" classname="com.covid19.qa.HomePageTestcases.PrimarySearchFunctionTestcase"/>
  <testcase name="VerifyDRopdownvaluesNationalityLabel" time="0.072" classname="com.covid19.qa.HomePageTestcases.PrimarySearchFunctionTestcase"/>
  <testcase name="VerifyGenderLabel" time="0.024" classname="com.covid19.qa.HomePageTestcases.PrimarySearchFunctionTestcase"/>
  <testcase name="VerifyPlaceholdertextGenderLabel" time="0.023" classname="com.covid19.qa.HomePageTestcases.PrimarySearchFunctionTestcase"/>
  <testcase name="VerifyDropdownValuesGenderLabel" time="0.028" classname="com.covid19.qa.HomePageTestcases.PrimarySearchFunctionTestcase"/>
  <testcase name="PrimarySearch_function" time="8.739" classname="com.covid19.qa.HomePageTestcases.PrimarySearchFunctionTestcase"/>
</testsuite> <!-- com.covid19.qa.HomePageTestcases.PrimarySearchFunctionTestcase -->
