<?xml version="1.0" encoding="UTF-8"?>
<!-- Generated by org.testng.reporters.JUnitReportReporter -->
<testsuite skipped="0" hostname="Srijan-ka-MBP-2" name="com.covid19.qa.HomePageTestcases.APIsPageTestCases" tests="13" failures="0" timestamp="02 Jun 2020 13:59:45 GMT" time="23.687" errors="0">
  <testcase name="APIsPageNavigation" time="2.248" classname="com.covid19.qa.HomePageTestcases.APIsPageTestCases"/>
  <testcase name="VerifyAPIsLinkUrl" time="1.245" classname="com.covid19.qa.HomePageTestcases.APIsPageTestCases"/>
  <testcase name="VerifyAPIListingHeading" time="0.037" classname="com.covid19.qa.HomePageTestcases.APIsPageTestCases"/>
  <testcase name="VerifyCOvid19APIHeading" time="0.036" classname="com.covid19.qa.HomePageTestcases.APIsPageTestCases"/>
  <testcase name="ClickCOvid19APIViewDocumentastion" time="7.187" classname="com.covid19.qa.HomePageTestcases.APIsPageTestCases"/>
  <testcase name="Covid19OauthAPIHeading" time="0.038" classname="com.covid19.qa.HomePageTestcases.APIsPageTestCases"/>
  <testcase name="Covid19OauthAPIclickViewDocumentation" time="3.166" classname="com.covid19.qa.HomePageTestcases.APIsPageTestCases"/>
  <testcase name="VerifyCOVID19PatientDatabaseAPIHeading" time="0.027" classname="com.covid19.qa.HomePageTestcases.APIsPageTestCases"/>
  <testcase name="clickviewdocumentationunderCOVID19PatientDatabaseAPI" time="2.413" classname="com.covid19.qa.HomePageTestcases.APIsPageTestCases"/>
  <testcase name="VerifyREQUESTACCESSTOAPIsHeading" time="0.025" classname="com.covid19.qa.HomePageTestcases.APIsPageTestCases"/>
  <testcase name="clickREQUESTACCESS" time="5.894" classname="com.covid19.qa.HomePageTestcases.APIsPageTestCases"/>
  <testcase name="verifyHowToGetStartedHeading" time="0.027" classname="com.covid19.qa.HomePageTestcases.APIsPageTestCases"/>
  <testcase name="clickHowToGetStartedbutton" time="1.344" classname="com.covid19.qa.HomePageTestcases.APIsPageTestCases"/>
</testsuite> <!-- com.covid19.qa.HomePageTestcases.APIsPageTestCases -->
