<?xml version="1.0" encoding="UTF-8"?>
<!-- Generated by org.testng.reporters.JUnitReportReporter -->
<testsuite skipped="0" hostname="Srijan-ka-MBP-2" name="com.covid19.qa.HomePageTestcases.PrimarySearchFunctionTestcase" tests="19" failures="0" timestamp="20 May 2020 13:39:16 GMT" time="12.033" errors="0">
  <testcase name="VerifyPrimarySearchLabel" time="0.096" classname="com.covid19.qa.HomePageTestcases.PrimarySearchFunctionTestcase"/>
  <testcase name="VerifyPlaceholdertextCurrentStatus" time="0.052" classname="com.covid19.qa.HomePageTestcases.PrimarySearchFunctionTestcase"/>
  <testcase name="VerifyAllvaluesCurrentStatus" time="0.067" classname="com.covid19.qa.HomePageTestcases.PrimarySearchFunctionTestcase"/>
  <testcase name="VerifylabelTransmission_Type" time="0.023" classname="com.covid19.qa.HomePageTestcases.PrimarySearchFunctionTestcase"/>
  <testcase name="VerifyPlaceholdertextTransmission_Type" time="0.023" classname="com.covid19.qa.HomePageTestcases.PrimarySearchFunctionTestcase"/>
  <testcase name="VerifydropdownvaluesTransmission_Type" time="0.025" classname="com.covid19.qa.HomePageTestcases.PrimarySearchFunctionTestcase"/>
  <testcase name="VerifyStateLabel" time="0.024" classname="com.covid19.qa.HomePageTestcases.PrimarySearchFunctionTestcase"/>
  <testcase name="VerifyStatePlaceholderText" time="0.021" classname="com.covid19.qa.HomePageTestcases.PrimarySearchFunctionTestcase"/>
  <testcase name="VerifyStateDropdownvalues" time="0.034" classname="com.covid19.qa.HomePageTestcases.PrimarySearchFunctionTestcase"/>
  <testcase name="VerifyclustersLabelName" time="0.022" classname="com.covid19.qa.HomePageTestcases.PrimarySearchFunctionTestcase"/>
  <testcase name="VerifyclustersPlaceholderText" time="0.021" classname="com.covid19.qa.HomePageTestcases.PrimarySearchFunctionTestcase"/>
  <testcase name="VerifyclustersDropdownvalues" time="0.024" classname="com.covid19.qa.HomePageTestcases.PrimarySearchFunctionTestcase"/>
  <testcase name="VerifyNationalityLabel" time="0.029" classname="com.covid19.qa.HomePageTestcases.PrimarySearchFunctionTestcase"/>
  <testcase name="VerifyPlaceholderTextNationalityLabel" time="0.024" classname="com.covid19.qa.HomePageTestcases.PrimarySearchFunctionTestcase"/>
  <testcase name="VerifyDRopdownvaluesNationalityLabel" time="0.080" classname="com.covid19.qa.HomePageTestcases.PrimarySearchFunctionTestcase"/>
  <testcase name="VerifyGenderLabel" time="0.026" classname="com.covid19.qa.HomePageTestcases.PrimarySearchFunctionTestcase"/>
  <testcase name="VerifyPlaceholdertextGenderLabel" time="0.035" classname="com.covid19.qa.HomePageTestcases.PrimarySearchFunctionTestcase"/>
  <testcase name="VerifyDropdownValuesGenderLabel" time="0.022" classname="com.covid19.qa.HomePageTestcases.PrimarySearchFunctionTestcase"/>
  <testcase name="PrimarySearch_function" time="11.385" classname="com.covid19.qa.HomePageTestcases.PrimarySearchFunctionTestcase"/>
</testsuite> <!-- com.covid19.qa.HomePageTestcases.PrimarySearchFunctionTestcase -->
