<?xml version="1.0" encoding="UTF-8"?>
<!-- Generated by org.testng.reporters.JUnitReportReporter -->
<testsuite skipped="0" hostname="Srijan-ka-MBP-2" name="com.covid19.qa.HomePageTestcases.AboutUsPageTaseCase" tests="11" failures="0" timestamp="20 May 2020 06:50:54 GMT" time="10.260" errors="0">
  <testcase name="AbouUsPageNavigation" time="1.219" classname="com.covid19.qa.HomePageTestcases.AboutUsPageTaseCase"/>
  <testcase name="ValidateAbouUsPageUrl" time="0.804" classname="com.covid19.qa.HomePageTestcases.AboutUsPageTaseCase"/>
  <testcase name="ValidateAbouUsPageLogo" time="0.825" classname="com.covid19.qa.HomePageTestcases.AboutUsPageTaseCase"/>
  <testcase name="VerifyFirstCovid19IndiaLink" time="0.038" classname="com.covid19.qa.HomePageTestcases.AboutUsPageTaseCase"/>
  <testcase name="VerifysecondCovid19IndiaLink" time="0.038" classname="com.covid19.qa.HomePageTestcases.AboutUsPageTaseCase"/>
  <testcase name="Covid19IndiaLinkNavigation" time="2.309" classname="com.covid19.qa.HomePageTestcases.AboutUsPageTaseCase"/>
  <testcase name="Covid19IndiaLinkNavigation2" time="1.265" classname="com.covid19.qa.HomePageTestcases.AboutUsPageTaseCase"/>
  <testcase name="VerifyApisLink" time="0.058" classname="com.covid19.qa.HomePageTestcases.AboutUsPageTaseCase"/>
  <testcase name="VerifyApisLinkNavigation" time="2.235" classname="com.covid19.qa.HomePageTestcases.AboutUsPageTaseCase"/>
  <testcase name="VerifyCOVIDPatientDataTitleUnderAboutUsPAge" time="0.046" classname="com.covid19.qa.HomePageTestcases.AboutUsPageTaseCase"/>
  <testcase name="VerifyCOVIDPatientDataNavigationUnderAboutUsPAge" time="1.423" classname="com.covid19.qa.HomePageTestcases.AboutUsPageTaseCase"/>
</testsuite> <!-- com.covid19.qa.HomePageTestcases.AboutUsPageTaseCase -->
