<?xml version="1.0" encoding="UTF-8"?>
<!-- Generated by org.testng.reporters.JUnitReportReporter -->
<testsuite skipped="0" hostname="Srijan-ka-MBP-2" name="com.covid19.qa.HomePageTestcases.SignUPFormTestCase" tests="18" failures="0" timestamp="20 May 2020 10:11:27 GMT" time="4.968" errors="0">
  <testcase name="VerifySignUPLink" time="0.896" classname="com.covid19.qa.HomePageTestcases.SignUPFormTestCase"/>
  <testcase name="VerifySignUPLinkUrl" time="0.004" classname="com.covid19.qa.HomePageTestcases.SignUPFormTestCase"/>
  <testcase name="VerifyHeadingRegistrationForm" time="0.021" classname="com.covid19.qa.HomePageTestcases.SignUPFormTestCase"/>
  <testcase name="VerifyHeadingVolunteerRegistrationForm" time="0.039" classname="com.covid19.qa.HomePageTestcases.SignUPFormTestCase"/>
  <testcase name="VerifyHeadingEmailaddress" time="0.039" classname="com.covid19.qa.HomePageTestcases.SignUPFormTestCase"/>
  <testcase name="EnterEmailaddress" time="0.135" classname="com.covid19.qa.HomePageTestcases.SignUPFormTestCase"/>
  <testcase name="VerifyHeadingUsername" time="0.021" classname="com.covid19.qa.HomePageTestcases.SignUPFormTestCase"/>
  <testcase name="EnterUsernameaddress" time="0.089" classname="com.covid19.qa.HomePageTestcases.SignUPFormTestCase"/>
  <testcase name="VerifyHeadingFirstName" time="0.040" classname="com.covid19.qa.HomePageTestcases.SignUPFormTestCase"/>
  <testcase name="EnterFirstName" time="0.088" classname="com.covid19.qa.HomePageTestcases.SignUPFormTestCase"/>
  <testcase name="VerifyHeadingLastName" time="0.023" classname="com.covid19.qa.HomePageTestcases.SignUPFormTestCase"/>
  <testcase name="EnterLastname" time="0.062" classname="com.covid19.qa.HomePageTestcases.SignUPFormTestCase"/>
  <testcase name="EnterOccupation" time="0.081" classname="com.covid19.qa.HomePageTestcases.SignUPFormTestCase"/>
  <testcase name="VerifyHeadingOccupation" time="0.023" classname="com.covid19.qa.HomePageTestcases.SignUPFormTestCase"/>
  <testcase name="SelectImage" time="1.045" classname="com.covid19.qa.HomePageTestcases.SignUPFormTestCase"/>
  <testcase name="RemoveImage" time="1.422" classname="com.covid19.qa.HomePageTestcases.SignUPFormTestCase"/>
  <testcase name="clickRegisterButton" time="0.901" classname="com.covid19.qa.HomePageTestcases.SignUPFormTestCase"/>
  <testcase name="CaptureMessage" time="0.039" classname="com.covid19.qa.HomePageTestcases.SignUPFormTestCase"/>
</testsuite> <!-- com.covid19.qa.HomePageTestcases.SignUPFormTestCase -->
