<?xml version="1.0" encoding="UTF-8"?>
<!-- Generated by org.testng.reporters.JUnitReportReporter -->
<testsuite skipped="0" hostname="Srijan-ka-MBP-2" name="com.covid19.qa.HomePageTestcases.AdvanceSearchFunction" tests="25" failures="0" timestamp="05 Jun 2020 09:40:19 GMT" time="13.352" errors="0">
  <testcase name="AdvanceSearch_function" time="0.092" classname="com.covid19.qa.HomePageTestcases.AdvanceSearchFunction"/>
  <testcase name="VerifypaitentIDequaltoPlaceholdertext" time="0.587" classname="com.covid19.qa.HomePageTestcases.AdvanceSearchFunction"/>
  <testcase name="VerifyPaitentIDPLaceholderText_function" time="1.098" classname="com.covid19.qa.HomePageTestcases.AdvanceSearchFunction"/>
  <testcase name="VerifyStatePatientIDTitle" time="0.022" classname="com.covid19.qa.HomePageTestcases.AdvanceSearchFunction"/>
  <testcase name="VerifyStatePatientIDPlaceHoldertext" time="0.079" classname="com.covid19.qa.HomePageTestcases.AdvanceSearchFunction"/>
  <testcase name="VerifyDistrictTitle" time="0.128" classname="com.covid19.qa.HomePageTestcases.AdvanceSearchFunction"/>
  <testcase name="VerifyCityTitle" time="0.022" classname="com.covid19.qa.HomePageTestcases.AdvanceSearchFunction"/>
  <testcase name="VerifyCityPlaceHolderText" time="0.094" classname="com.covid19.qa.HomePageTestcases.AdvanceSearchFunction"/>
  <testcase name="VerifyZipcodeTitle" time="0.023" classname="com.covid19.qa.HomePageTestcases.AdvanceSearchFunction"/>
  <testcase name="VerifyZipcodePlaceholderText" time="0.015" classname="com.covid19.qa.HomePageTestcases.AdvanceSearchFunction"/>
  <testcase name="VerifyAgeEqualToPlaceholderText" time="0.642" classname="com.covid19.qa.HomePageTestcases.AdvanceSearchFunction"/>
  <testcase name="VerifyInputTextfieldPlaceholderText" time="0.319" classname="com.covid19.qa.HomePageTestcases.AdvanceSearchFunction"/>
  <testcase name="VerifyDateAnnouncedequaltoPlaceholderText" time="0.705" classname="com.covid19.qa.HomePageTestcases.AdvanceSearchFunction"/>
  <testcase name="VerifyDateAnnouncedInputFieldPlaceholderText" time="0.351" classname="com.covid19.qa.HomePageTestcases.AdvanceSearchFunction"/>
  <testcase name="VerifyStatusChangeDatePlaceholderText" time="0.021" classname="com.covid19.qa.HomePageTestcases.AdvanceSearchFunction"/>
  <testcase name="VerifyStatusChangeDateInputTextFieldPlaceholderText" time="6.603" classname="com.covid19.qa.HomePageTestcases.AdvanceSearchFunction"/>
  <testcase name="VerifyPaitentIDMinPLaceholderText" time="0.025" classname="com.covid19.qa.HomePageTestcases.AdvanceSearchFunction"/>
  <testcase name="VerifyPaitentIDMaxPLaceholderText" time="0.805" classname="com.covid19.qa.HomePageTestcases.AdvanceSearchFunction"/>
  <testcase name="VerifyAgeMinInputFieldPlaceholderText" time="0.032" classname="com.covid19.qa.HomePageTestcases.AdvanceSearchFunction"/>
  <testcase name="VerifyAgeMaxInputFieldPlaceholderText" time="0.407" classname="com.covid19.qa.HomePageTestcases.AdvanceSearchFunction"/>
  <testcase name="VerifyDateAnnouncedMinInputFieldPlaceholderText" time="0.426" classname="com.covid19.qa.HomePageTestcases.AdvanceSearchFunction"/>
  <testcase name="VerifyDateAnnouncedMaxInputFieldPlaceholderText" time="0.030" classname="com.covid19.qa.HomePageTestcases.AdvanceSearchFunction"/>
  <testcase name="VerifyStatusChangeDateMinInputtextfieldPlaceholderText" time="0.327" classname="com.covid19.qa.HomePageTestcases.AdvanceSearchFunction"/>
  <testcase name="VerifyStatusChangeDateMinInputtextfieldPlaceholderText1" time="0.044" classname="com.covid19.qa.HomePageTestcases.AdvanceSearchFunction"/>
  <testcase name="VerifyStatusChangeDateMaxInputtextfieldPlaceholderText" time="0.455" classname="com.covid19.qa.HomePageTestcases.AdvanceSearchFunction"/>
</testsuite> <!-- com.covid19.qa.HomePageTestcases.AdvanceSearchFunction -->
