<?xml version="1.0" encoding="UTF-8"?>
<!-- Generated by org.testng.reporters.JUnitReportReporter -->
<testsuite skipped="0" hostname="Srijan-ka-MBP-2" name="com.covid19.qa.HomePageTestcases.NoResultFoundPageVerify" tests="1" failures="0" timestamp="02 Jun 2020 13:59:45 GMT" time="55.765" errors="0">
  <testcase name="verifyNoresult" time="55.765" classname="com.covid19.qa.HomePageTestcases.NoResultFoundPageVerify"/>
</testsuite> <!-- com.covid19.qa.HomePageTestcases.NoResultFoundPageVerify -->
