<?xml version="1.0" encoding="UTF-8"?>
<!-- Generated by org.testng.reporters.JUnitReportReporter -->
<testsuite skipped="0" hostname="Srijan-ka-MBP-2" name="com.covid19.qa.HomePageTestcases.SignUPFormTestCase" tests="18" failures="0" timestamp="05 Jun 2020 09:40:19 GMT" time="18.266" errors="0">
  <testcase name="VerifySignUPLink" time="7.212" classname="com.covid19.qa.HomePageTestcases.SignUPFormTestCase"/>
  <testcase name="VerifySignUPLinkUrl" time="0.004" classname="com.covid19.qa.HomePageTestcases.SignUPFormTestCase"/>
  <testcase name="VerifyHeadingRegistrationForm" time="0.020" classname="com.covid19.qa.HomePageTestcases.SignUPFormTestCase"/>
  <testcase name="VerifyHeadingVolunteerRegistrationForm" time="0.036" classname="com.covid19.qa.HomePageTestcases.SignUPFormTestCase"/>
  <testcase name="VerifyHeadingEmailaddress" time="0.035" classname="com.covid19.qa.HomePageTestcases.SignUPFormTestCase"/>
  <testcase name="EnterEmailaddress" time="0.121" classname="com.covid19.qa.HomePageTestcases.SignUPFormTestCase"/>
  <testcase name="VerifyHeadingUsername" time="0.020" classname="com.covid19.qa.HomePageTestcases.SignUPFormTestCase"/>
  <testcase name="EnterUsernameaddress" time="0.097" classname="com.covid19.qa.HomePageTestcases.SignUPFormTestCase"/>
  <testcase name="VerifyHeadingFirstName" time="0.037" classname="com.covid19.qa.HomePageTestcases.SignUPFormTestCase"/>
  <testcase name="EnterFirstName" time="0.070" classname="com.covid19.qa.HomePageTestcases.SignUPFormTestCase"/>
  <testcase name="VerifyHeadingLastName" time="0.021" classname="com.covid19.qa.HomePageTestcases.SignUPFormTestCase"/>
  <testcase name="EnterLastname" time="0.065" classname="com.covid19.qa.HomePageTestcases.SignUPFormTestCase"/>
  <testcase name="VerifyHeadingOccupation" time="0.020" classname="com.covid19.qa.HomePageTestcases.SignUPFormTestCase"/>
  <testcase name="EnterOccupation" time="0.073" classname="com.covid19.qa.HomePageTestcases.SignUPFormTestCase"/>
  <testcase name="SelectImage" time="6.546" classname="com.covid19.qa.HomePageTestcases.SignUPFormTestCase"/>
  <testcase name="RemoveImage" time="1.339" classname="com.covid19.qa.HomePageTestcases.SignUPFormTestCase"/>
  <testcase name="clickRegisterButton" time="2.512" classname="com.covid19.qa.HomePageTestcases.SignUPFormTestCase"/>
  <testcase name="CaptureMessage" time="0.038" classname="com.covid19.qa.HomePageTestcases.SignUPFormTestCase"/>
</testsuite> <!-- com.covid19.qa.HomePageTestcases.SignUPFormTestCase -->
