<?xml version="1.0" encoding="UTF-8"?>
<!-- Generated by org.testng.reporters.JUnitReportReporter -->
<testsuite skipped="0" hostname="Srijan-ka-MBP-2" name="com.covid19.qa.HomePageTestcases.CovidHomePageTestCase" tests="10" failures="0" timestamp="20 May 2020 09:30:02 GMT" time="5.191" errors="0">
  <testcase name="ValidateCovidHomePageTitle" time="0.041" classname="com.covid19.qa.HomePageTestcases.CovidHomePageTestCase"/>
  <testcase name="ValidateCovidHomePageURL" time="0.847" classname="com.covid19.qa.HomePageTestcases.CovidHomePageTestCase"/>
  <testcase name="ValidateCovidPaitenDataHeading" time="0.029" classname="com.covid19.qa.HomePageTestcases.CovidHomePageTestCase"/>
  <testcase name="ValidatePatientsHeading" time="0.022" classname="com.covid19.qa.HomePageTestcases.CovidHomePageTestCase"/>
  <testcase name="ValidateGridView" time="0.543" classname="com.covid19.qa.HomePageTestcases.CovidHomePageTestCase"/>
  <testcase name="ValidateTableView" time="0.870" classname="com.covid19.qa.HomePageTestcases.CovidHomePageTestCase"/>
  <testcase name="ValidateDiplayingText" time="0.042" classname="com.covid19.qa.HomePageTestcases.CovidHomePageTestCase"/>
  <testcase name="ValidateLastUpdatedText" time="0.038" classname="com.covid19.qa.HomePageTestcases.CovidHomePageTestCase"/>
  <testcase name="ValidateHowSearchWorks" time="0.727" classname="com.covid19.qa.HomePageTestcases.CovidHomePageTestCase"/>
  <testcase name="ValidateButtonRedirect" time="2.032" classname="com.covid19.qa.HomePageTestcases.CovidHomePageTestCase"/>
</testsuite> <!-- com.covid19.qa.HomePageTestcases.CovidHomePageTestCase -->
