<?xml version="1.0" encoding="UTF-8"?>
<!-- Generated by org.testng.reporters.JUnitReportReporter -->
<testsuite skipped="0" hostname="Srijan-ka-MacBook-Pro-2.local" name="com.covid19.qa.HomePageTestcases.AdvanceSearchFunction" tests="1" failures="0" timestamp="30 Apr 2020 06:02:48 GMT" time="18.902" errors="0">
  <testcase name="PrimarySearch_function" time="18.902" classname="com.covid19.qa.HomePageTestcases.AdvanceSearchFunction"/>
</testsuite> <!-- com.covid19.qa.HomePageTestcases.AdvanceSearchFunction -->
