<?xml version="1.0" encoding="UTF-8"?>
<!-- Generated by org.testng.reporters.JUnitReportReporter -->
<testsuite skipped="0" hostname="Srijan-ka-MBP-2" name="com.covid19.qa.HomePageTestcases.CovidHomePageTestCase" tests="10" failures="0" timestamp="05 Jun 2020 09:40:19 GMT" time="5.759" errors="0">
  <testcase name="ValidateCovidHomePageTitle" time="0.048" classname="com.covid19.qa.HomePageTestcases.CovidHomePageTestCase"/>
  <testcase name="ValidateCovidHomePageURL" time="1.296" classname="com.covid19.qa.HomePageTestcases.CovidHomePageTestCase"/>
  <testcase name="ValidateCovidPaitenDataHeading" time="0.026" classname="com.covid19.qa.HomePageTestcases.CovidHomePageTestCase"/>
  <testcase name="ValidatePatientsHeading" time="0.026" classname="com.covid19.qa.HomePageTestcases.CovidHomePageTestCase"/>
  <testcase name="ValidateGridView" time="0.961" classname="com.covid19.qa.HomePageTestcases.CovidHomePageTestCase"/>
  <testcase name="ValidateTableView" time="1.306" classname="com.covid19.qa.HomePageTestcases.CovidHomePageTestCase"/>
  <testcase name="ValidateDiplayingText" time="0.051" classname="com.covid19.qa.HomePageTestcases.CovidHomePageTestCase"/>
  <testcase name="ValidateLastUpdatedText" time="0.046" classname="com.covid19.qa.HomePageTestcases.CovidHomePageTestCase"/>
  <testcase name="ValidateHowSearchWorks" time="0.699" classname="com.covid19.qa.HomePageTestcases.CovidHomePageTestCase"/>
  <testcase name="ValidateButtonRedirect" time="1.300" classname="com.covid19.qa.HomePageTestcases.CovidHomePageTestCase"/>
</testsuite> <!-- com.covid19.qa.HomePageTestcases.CovidHomePageTestCase -->
