<?xml version="1.0" encoding="UTF-8"?>
<!-- Generated by org.testng.reporters.JUnitReportReporter -->
<testsuite skipped="0" hostname="Srijan-ka-MBP-2" name="com.covid19.qa.HomePageTestcases.APIsPageTestCases" tests="13" failures="0" timestamp="19 May 2020 05:45:05 GMT" time="22.150" errors="0">
  <testcase name="APIsPageNavigation" time="1.020" classname="com.covid19.qa.HomePageTestcases.APIsPageTestCases"/>
  <testcase name="VerifyAPIsLinkUrl" time="0.635" classname="com.covid19.qa.HomePageTestcases.APIsPageTestCases"/>
  <testcase name="VerifyAPIListingHeading" time="0.529" classname="com.covid19.qa.HomePageTestcases.APIsPageTestCases"/>
  <testcase name="VerifyCOvid19APIHeading" time="0.536" classname="com.covid19.qa.HomePageTestcases.APIsPageTestCases"/>
  <testcase name="ClickCOvid19APIViewDocumentastion" time="4.704" classname="com.covid19.qa.HomePageTestcases.APIsPageTestCases"/>
  <testcase name="Covid19OauthAPIHeading" time="0.540" classname="com.covid19.qa.HomePageTestcases.APIsPageTestCases"/>
  <testcase name="Covid19OauthAPIclickViewDocumentation" time="2.396" classname="com.covid19.qa.HomePageTestcases.APIsPageTestCases"/>
  <testcase name="VerifyCOVID19PatientDatabaseAPIHeading" time="0.537" classname="com.covid19.qa.HomePageTestcases.APIsPageTestCases"/>
  <testcase name="clickviewdocumentationunderCOVID19PatientDatabaseAPI" time="2.289" classname="com.covid19.qa.HomePageTestcases.APIsPageTestCases"/>
  <testcase name="VerifyREQUESTACCESSTOAPIsHeading" time="0.538" classname="com.covid19.qa.HomePageTestcases.APIsPageTestCases"/>
  <testcase name="clickREQUESTACCESS" time="6.112" classname="com.covid19.qa.HomePageTestcases.APIsPageTestCases"/>
  <testcase name="verifyHowToGetStartedHeading" time="0.537" classname="com.covid19.qa.HomePageTestcases.APIsPageTestCases"/>
  <testcase name="clickHowToGetStartedbutton" time="1.777" classname="com.covid19.qa.HomePageTestcases.APIsPageTestCases"/>
</testsuite> <!-- com.covid19.qa.HomePageTestcases.APIsPageTestCases -->
