<?xml version="1.0" encoding="UTF-8"?>
<!-- Generated by org.testng.reporters.JUnitReportReporter -->
<testsuite skipped="0" hostname="Srijan-ka-MBP-2" name="com.covid19.qa.HomePageTestcases.SignUPFormTestCase" tests="18" failures="0" timestamp="02 Jun 2020 13:59:45 GMT" time="9.530" errors="0">
  <testcase name="VerifySignUPLink" time="3.489" classname="com.covid19.qa.HomePageTestcases.SignUPFormTestCase"/>
  <testcase name="VerifySignUPLinkUrl" time="0.005" classname="com.covid19.qa.HomePageTestcases.SignUPFormTestCase"/>
  <testcase name="VerifyHeadingRegistrationForm" time="0.019" classname="com.covid19.qa.HomePageTestcases.SignUPFormTestCase"/>
  <testcase name="VerifyHeadingVolunteerRegistrationForm" time="0.035" classname="com.covid19.qa.HomePageTestcases.SignUPFormTestCase"/>
  <testcase name="VerifyHeadingEmailaddress" time="0.037" classname="com.covid19.qa.HomePageTestcases.SignUPFormTestCase"/>
  <testcase name="EnterEmailaddress" time="0.145" classname="com.covid19.qa.HomePageTestcases.SignUPFormTestCase"/>
  <testcase name="VerifyHeadingUsername" time="0.021" classname="com.covid19.qa.HomePageTestcases.SignUPFormTestCase"/>
  <testcase name="EnterUsernameaddress" time="0.090" classname="com.covid19.qa.HomePageTestcases.SignUPFormTestCase"/>
  <testcase name="VerifyHeadingFirstName" time="0.039" classname="com.covid19.qa.HomePageTestcases.SignUPFormTestCase"/>
  <testcase name="EnterFirstName" time="0.088" classname="com.covid19.qa.HomePageTestcases.SignUPFormTestCase"/>
  <testcase name="VerifyHeadingLastName" time="0.025" classname="com.covid19.qa.HomePageTestcases.SignUPFormTestCase"/>
  <testcase name="EnterLastname" time="0.086" classname="com.covid19.qa.HomePageTestcases.SignUPFormTestCase"/>
  <testcase name="VerifyHeadingOccupation" time="0.019" classname="com.covid19.qa.HomePageTestcases.SignUPFormTestCase"/>
  <testcase name="EnterOccupation" time="0.078" classname="com.covid19.qa.HomePageTestcases.SignUPFormTestCase"/>
  <testcase name="SelectImage" time="1.606" classname="com.covid19.qa.HomePageTestcases.SignUPFormTestCase"/>
  <testcase name="RemoveImage" time="2.049" classname="com.covid19.qa.HomePageTestcases.SignUPFormTestCase"/>
  <testcase name="clickRegisterButton" time="1.654" classname="com.covid19.qa.HomePageTestcases.SignUPFormTestCase"/>
  <testcase name="CaptureMessage" time="0.045" classname="com.covid19.qa.HomePageTestcases.SignUPFormTestCase"/>
</testsuite> <!-- com.covid19.qa.HomePageTestcases.SignUPFormTestCase -->
