<?xml version="1.0" encoding="UTF-8"?>
<!-- Generated by org.testng.reporters.JUnitReportReporter -->
<testsuite skipped="0" hostname="Srijan-ka-MBP-2" name="com.covid19.qa.HomePageTestcases.SignUPFormTestCase" tests="18" failures="0" timestamp="11 May 2020 04:17:29 GMT" time="13.467" errors="0">
  <testcase name="VerifySignUPLink" time="3.312" classname="com.covid19.qa.HomePageTestcases.SignUPFormTestCase"/>
  <testcase name="VerifySignUPLinkUrl" time="0.032" classname="com.covid19.qa.HomePageTestcases.SignUPFormTestCase"/>
  <testcase name="VerifyHeadingRegistrationForm" time="0.060" classname="com.covid19.qa.HomePageTestcases.SignUPFormTestCase"/>
  <testcase name="VerifyHeadingVolunteerRegistrationForm" time="0.057" classname="com.covid19.qa.HomePageTestcases.SignUPFormTestCase"/>
  <testcase name="VerifyHeadingEmailaddress" time="0.057" classname="com.covid19.qa.HomePageTestcases.SignUPFormTestCase"/>
  <testcase name="EnterEmailaddress" time="0.178" classname="com.covid19.qa.HomePageTestcases.SignUPFormTestCase"/>
  <testcase name="VerifyHeadingUsername" time="0.050" classname="com.covid19.qa.HomePageTestcases.SignUPFormTestCase"/>
  <testcase name="EnterUsernameaddress" time="0.112" classname="com.covid19.qa.HomePageTestcases.SignUPFormTestCase"/>
  <testcase name="VerifyHeadingFirstName" time="0.051" classname="com.covid19.qa.HomePageTestcases.SignUPFormTestCase"/>
  <testcase name="EnterFirstName" time="0.106" classname="com.covid19.qa.HomePageTestcases.SignUPFormTestCase"/>
  <testcase name="VerifyHeadingLastName" time="0.099" classname="com.covid19.qa.HomePageTestcases.SignUPFormTestCase"/>
  <testcase name="EnterLastname" time="0.114" classname="com.covid19.qa.HomePageTestcases.SignUPFormTestCase"/>
  <testcase name="VerifyHeadingOccupation" time="0.050" classname="com.covid19.qa.HomePageTestcases.SignUPFormTestCase"/>
  <testcase name="EnterOccupation" time="0.122" classname="com.covid19.qa.HomePageTestcases.SignUPFormTestCase"/>
  <testcase name="SelectImage" time="6.719" classname="com.covid19.qa.HomePageTestcases.SignUPFormTestCase"/>
  <testcase name="RemoveImage" time="0.589" classname="com.covid19.qa.HomePageTestcases.SignUPFormTestCase"/>
  <testcase name="clickRegisterButton" time="1.224" classname="com.covid19.qa.HomePageTestcases.SignUPFormTestCase"/>
  <testcase name="CaptureMessage" time="0.535" classname="com.covid19.qa.HomePageTestcases.SignUPFormTestCase"/>
</testsuite> <!-- com.covid19.qa.HomePageTestcases.SignUPFormTestCase -->
