<?xml version="1.0" encoding="UTF-8"?>
<!-- Generated by org.testng.reporters.JUnitReportReporter -->
<testsuite skipped="0" hostname="Srijan-ka-MacBook-Pro-2.local" name="com.covid19.qa.HomePageTestcases.AboutUsPageTaseCase" tests="3" failures="0" timestamp="30 Apr 2020 08:03:15 GMT" time="21.626" errors="0">
  <testcase name="AbouUsPageNavigation" time="6.854" classname="com.covid19.qa.HomePageTestcases.AboutUsPageTaseCase"/>
  <testcase name="ValidateAbouUsPageUrl" time="8.087" classname="com.covid19.qa.HomePageTestcases.AboutUsPageTaseCase"/>
  <testcase name="ValidateAbouUsPageLogo" time="6.685" classname="com.covid19.qa.HomePageTestcases.AboutUsPageTaseCase"/>
</testsuite> <!-- com.covid19.qa.HomePageTestcases.AboutUsPageTaseCase -->
